#
# A fatal error has been detected by the Java Runtime Environment:
#
#  EXCEPTION_ACCESS_VIOLATION (0xc0000005) at pc=0x00000000519db4a0, pid=1288, tid=0x00000000000030f8
#
# JRE version: OpenJDK Runtime Environment (8.0_212-b04) (build 1.8.0_212-release-1586-b04)
# Java VM: OpenJDK 64-Bit Server VM (25.212-b04 mixed mode windows-amd64 compressed oops)
# Problematic frame:
# V  [jvm.dll+0x8b4a0]
#
# Failed to write core dump. Minidumps are not enabled by default on client versions of Windows
#
# If you would like to submit a bug report, please visit:
#   
#

---------------  T H R E A D  ---------------

Current thread (0x00000000024cc000):  GCTaskThread [stack: 0x0000000012180000,0x0000000012280000] [id=12536]

siginfo: ExceptionCode=0xc0000005, reading address 0x00000000cfc00008

Registers:
RAX=0x0000000000000001, RBX=0x00000000ef70b79e, RCX=0x00000000ef70b79e, RDX=0x00000000cfc00000
RSP=0x000000001227f258, RBP=0x000000001199d301, RSI=0x000000000259bac0, RDI=0x00000000a5a54758
R8 =0x000000000259bac0, R9 =0x0000000000000205, R10=0x000000000000000c, R11=0x000000000000000c
R12=0x000000001199d29b, R13=0x0000f859e628f859, R14=0x0000000000000000, R15=0x00000000024c2740
RIP=0x00000000519db4a0, EFLAGS=0x0000000000010206

Top of Stack: (sp=0x000000001227f258)
0x000000001227f258:   0000000051d1eb82 00000000e6615d58
0x000000001227f268:   0000000000000004 000000000259bac0
0x000000001227f278:   00000000f8b9d26d 00000000f014d708
0x000000001227f288:   0000000051d1f2cb 00000000ab5cc818
0x000000001227f298:   0000000000000400 0000000000000000
0x000000001227f2a8:   000000000259ba00 000000001199d29b
0x000000001227f2b8:   0000000051d1eef0 00000000a5a54190
0x000000001227f2c8:   000000001199d301 000000000259bac0
0x000000001227f2d8:   00000000a5a54758 00000000a5a54190
0x000000001227f2e8:   0000000051d1fa95 00000000f851ad28
0x000000001227f2f8:   0000000011984901 000000000259bac0
0x000000001227f308:   0000000000000003 000000000259bac0
0x000000001227f318:   00000000024be000 00000000a2918b04
0x000000001227f328:   0000000051a3f8a7 000000000259bac0
0x000000001227f338:   0000000051a3df83 00000000a5a54191
0x000000001227f348:   00000000a5a54191 000000000259bac0 

Instructions: (pc=0x00000000519db4a0)
0x00000000519db480:   1c 60 1d 00 48 8b 9c 24 c0 00 00 00 48 81 c4 b0
0x00000000519db490:   00 00 00 5d c3 cc cc cc cc cc cc cc cc cc cc cc
0x00000000519db4a0:   44 8b 42 08 4c 8b ca 45 85 c0 7e 0e 41 f6 c0 01
0x00000000519db4b0:   75 57 41 c1 f8 03 41 8b c0 c3 79 4d 80 3d ae 49 


Register to memory mapping:

RAX=0x0000000000000001 is an unknown value
RBX=0x00000000ef70b79e is an unknown value
RCX=0x00000000ef70b79e is an unknown value
RDX=0x00000000cfc00000 is an unallocated location in the heap
RSP=0x000000001227f258 is an unknown value
RBP=0x000000001199d301 is an unknown value
RSI=0x000000000259bac0 is an unknown value
RDI=0x00000000a5a54758 is pointing into object: 0x00000000a5a546b8
[C 
 - klass: {type array char}
 - length: 137
R8 =0x000000000259bac0 is an unknown value
R9 =0x0000000000000205 is an unknown value
R10=0x000000000000000c is an unknown value
R11=0x000000000000000c is an unknown value
R12=0x000000001199d29b is an unknown value
R13=0x0000f859e628f859 is an unknown value
R14=0x0000000000000000 is an unknown value
R15=0x00000000024c2740 is an unknown value


Stack: [0x0000000012180000,0x0000000012280000],  sp=0x000000001227f258,  free space=1020k
Native frames: (J=compiled Java code, j=interpreted, Vv=VM code, C=native code)
V  [jvm.dll+0x8b4a0]


---------------  P R O C E S S  ---------------

Java Threads: ( => current thread )
  0x00000000351a5000 JavaThread "Cache worker for Java compile cache (C:\Users\Me\Desktop\SocialNetwork\.gradle\5.6.4\javaCompile)" [_thread_blocked, id=17224, stack(0x0000000051150000,0x0000000051250000)]
  0x00000000351a1000 JavaThread "Cache worker for execution history cache (C:\Users\Me\Desktop\SocialNetwork\.gradle\5.6.4\executionHistory)" [_thread_blocked, id=16980, stack(0x0000000051050000,0x0000000051150000)]
  0x0000000020c1e800 JavaThread "Execution worker for ':' Thread 3" [_thread_blocked, id=7916, stack(0x0000000050f50000,0x0000000051050000)]
  0x0000000020c18800 JavaThread "Execution worker for ':' Thread 2" [_thread_blocked, id=16020, stack(0x0000000050e50000,0x0000000050f50000)]
  0x0000000020c17000 JavaThread "Execution worker for ':'" [_thread_blocked, id=2684, stack(0x0000000050d50000,0x0000000050e50000)]
  0x0000000020c1a000 JavaThread "Cache worker for file content cache (C:\Users\Me\Desktop\SocialNetwork\.gradle\5.6.4\fileContent)" [_thread_blocked, id=13400, stack(0x0000000050c50000,0x0000000050d50000)]
  0x0000000020c1c800 JavaThread "Cache worker for Build Output Cleanup Cache (C:\Users\Me\Desktop\SocialNetwork\.gradle\buildOutputCleanup)" [_thread_blocked, id=11900, stack(0x0000000050b50000,0x0000000050c50000)]
  0x0000000020c18000 JavaThread "Build operations Thread 4" [_thread_blocked, id=15852, stack(0x0000000050a50000,0x0000000050b50000)]
  0x0000000020c19800 JavaThread "Build operations Thread 3" [_thread_blocked, id=17144, stack(0x0000000050950000,0x0000000050a50000)]
  0x0000000020c1b800 JavaThread "Build operations Thread 2" [_thread_blocked, id=1964, stack(0x0000000050850000,0x0000000050950000)]
  0x0000000020c1e000 JavaThread "Build operations" [_thread_blocked, id=6976, stack(0x0000000050750000,0x0000000050850000)]
  0x0000000020c1b000 JavaThread "Cache worker for cache directory md-rule (C:\Users\Me\.gradle\caches\5.6.4\md-rule)" [_thread_blocked, id=16488, stack(0x0000000050650000,0x0000000050750000)]
  0x0000000020c0f800 JavaThread "Cache worker for cache directory md-supplier (C:\Users\Me\.gradle\caches\5.6.4\md-supplier)" [_thread_blocked, id=15892, stack(0x0000000050550000,0x0000000050650000)]
  0x0000000020c16800 JavaThread "Cache worker for file hash cache (C:\Users\Me\Desktop\SocialNetwork\.gradle\5.6.4\fileHashes)" [_thread_blocked, id=16656, stack(0x0000000050450000,0x0000000050550000)]
  0x0000000020c15800 JavaThread "Thread-1340" [_thread_blocked, id=16504, stack(0x0000000050350000,0x0000000050450000)]
  0x0000000020c12800 JavaThread "Stdin handler" [_thread_blocked, id=15400, stack(0x0000000050250000,0x0000000050350000)]
  0x0000000020c15000 JavaThread "Asynchronous log dispatcher for DefaultDaemonConnection: socket connection from /127.0.0.1:1898 to /127.0.0.1:7470" [_thread_blocked, id=17088, stack(0x0000000050150000,0x0000000050250000)]
  0x0000000020c10800 JavaThread "Daemon worker Thread 47" [_thread_blocked, id=17232, stack(0x0000000050050000,0x0000000050150000)]
  0x0000000020c12000 JavaThread "Cancel handler" [_thread_blocked, id=17308, stack(0x000000004ff50000,0x0000000050050000)]
  0x0000000020c11000 JavaThread "Handler for socket connection from /127.0.0.1:1898 to /127.0.0.1:7470" [_thread_in_native, id=15488, stack(0x000000004fe50000,0x000000004ff50000)]
  0x0000000020c13800 JavaThread "Daemon Thread 47" [_thread_blocked, id=4556, stack(0x000000004fd50000,0x000000004fe50000)]
  0x000000001b287800 JavaThread "Cache worker for Java compile cache (C:\Users\Me\.gradle\caches\5.6.4\javaCompile)" [_thread_blocked, id=6524, stack(0x0000000023c80000,0x0000000023d80000)]
  0x000000001b284800 JavaThread "Cache worker for file content cache (C:\Users\Me\.gradle\caches\5.6.4\fileContent)" [_thread_blocked, id=8172, stack(0x0000000021980000,0x0000000021a80000)]
  0x000000001b283000 JavaThread "Memory manager" [_thread_blocked, id=3908, stack(0x0000000021880000,0x0000000021980000)]
  0x000000001b27f800 JavaThread "Cache worker for execution history cache (C:\Users\Me\.gradle\caches\5.6.4\executionHistory)" [_thread_blocked, id=8824, stack(0x000000001f0b0000,0x000000001f1b0000)]
  0x00000000179d7000 JavaThread "Cache worker for journal cache (C:\Users\Me\.gradle\caches\journal-1)" [_thread_blocked, id=9048, stack(0x000000001acc0000,0x000000001adc0000)]
  0x00000000179d9800 JavaThread "File lock request listener" [_thread_in_native, id=9104, stack(0x000000001abc0000,0x000000001acc0000)]
  0x0000000018b78800 JavaThread "Cache worker for file hash cache (C:\Users\Me\.gradle\caches\5.6.4\fileHashes)" [_thread_blocked, id=3180, stack(0x000000001aac0000,0x000000001abc0000)]
  0x0000000017b13000 JavaThread "Daemon periodic checks" [_thread_blocked, id=6948, stack(0x0000000019ec0000,0x0000000019fc0000)]
  0x0000000018750800 JavaThread "Incoming local TCP Connector on port 1898" [_thread_in_native, id=9808, stack(0x0000000019c80000,0x0000000019d80000)]
  0x000000001845e800 JavaThread "Daemon health stats" [_thread_blocked, id=3800, stack(0x0000000019640000,0x0000000019740000)]
  0x0000000015f7d800 JavaThread "Service Thread" daemon [_thread_blocked, id=9116, stack(0x0000000017c70000,0x0000000017d70000)]
  0x0000000015f7b000 JavaThread "C1 CompilerThread2" daemon [_thread_blocked, id=13152, stack(0x0000000017770000,0x0000000017870000)]
  0x0000000015f74800 JavaThread "C2 CompilerThread1" daemon [_thread_blocked, id=2920, stack(0x0000000017670000,0x0000000017770000)]
  0x0000000015f19800 JavaThread "C2 CompilerThread0" daemon [_thread_blocked, id=3104, stack(0x0000000017570000,0x0000000017670000)]
  0x0000000015f27000 JavaThread "Attach Listener" daemon [_thread_blocked, id=11408, stack(0x0000000017470000,0x0000000017570000)]
  0x0000000015f26000 JavaThread "Signal Dispatcher" daemon [_thread_blocked, id=1348, stack(0x0000000017370000,0x0000000017470000)]
  0x00000000025ac000 JavaThread "Finalizer" daemon [_thread_blocked, id=8248, stack(0x0000000017170000,0x0000000017270000)]
  0x0000000015f09000 JavaThread "Reference Handler" daemon [_thread_blocked, id=3512, stack(0x0000000017070000,0x0000000017170000)]
  0x00000000023ad800 JavaThread "main" [_thread_blocked, id=7228, stack(0x00000000023b0000,0x00000000024b0000)]

Other Threads:
  0x0000000015ee6000 VMThread [stack: 0x0000000016f70000,0x0000000017070000] [id=3008]
  0x0000000015f7e800 WatcherThread [stack: 0x0000000017d70000,0x0000000017e70000] [id=11640]

=>0x00000000024cc000 (exited) GCTaskThread [stack: 0x0000000012180000,0x0000000012280000] [id=12536]

VM state:at safepoint (normal execution)

VM Mutex/Monitor currently owned by a thread:  ([mutex/lock_event])
[0x00000000023ad2a0] Threads_lock - owner thread: 0x0000000015ee6000
[0x00000000023ac8a0] Heap_lock - owner thread: 0x0000000020c17000

heap address: 0x00000000a0000000, size: 1536 MB, Compressed Oops mode: 32-bit
Narrow klass base: 0x0000000000000000, Narrow klass shift: 3
Compressed class space size: 1073741824 Address: 0x0000000100000000

Heap:
 PSYoungGen      total 388608K, used 335209K [0x00000000e0000000, 0x0000000100000000, 0x0000000100000000)
  eden space 262656K, 100% used [0x00000000e0000000,0x00000000f0080000,0x00000000f0080000)
  from space 125952K, 57% used [0x00000000f7d80000,0x00000000fc45a688,0x00000000ff880000)
  to   space 128000K, 21% used [0x00000000f0080000,0x00000000f1b66fa8,0x00000000f7d80000)
 ParOldGen       total 430592K, used 189067K [0x00000000a0000000, 0x00000000ba480000, 0x00000000e0000000)
  object space 430592K, 43% used [0x00000000a0000000,0x00000000ab8a2dd0,0x00000000ba480000)
 Metaspace       used 324202K, capacity 345822K, committed 392320K, reserved 1388544K
  class space    used 41977K, capacity 45990K, committed 53376K, reserved 1048576K

Card table byte_map: [0x0000000011970000,0x0000000011c80000] byte_map_base: 0x0000000011470000

Marking Bits: (ParMarkBitMap*) 0x0000000052119f30
 Begin Bits: [0x0000000012280000, 0x0000000013a80000)
 End Bits:   [0x0000000013a80000, 0x0000000015280000)

Polling page: 0x0000000000540000

CodeCache: size=245760Kb used=142765Kb max_used=154973Kb free=102994Kb
 bounds [0x00000000025b0000, 0x000000000be20000, 0x00000000115b0000]
 total_blobs=43175 nmethods=42235 adapters=852
 compilation: enabled

Compilation events (10 events):
Event: 30096.608 Thread 0x0000000015f7b000 109302       3       com.google.gson.internal.Excluder::excludeClassChecks (67 bytes)
Event: 30096.612 Thread 0x0000000015f7b000 nmethod 109302 0x000000000b2cd350 code [0x000000000b2cd740, 0x000000000b2cfc28]
Event: 30096.612 Thread 0x0000000015f7b000 109309       3       android.databinding.tool.store.BindingAdapterStore$Companion$merge$1$1$1::accept (11 bytes)
Event: 30096.613 Thread 0x0000000015f7b000 nmethod 109309 0x0000000009813710 code [0x00000000098138a0, 0x0000000009813cf8]
Event: 30096.613 Thread 0x0000000015f7b000 109303       3       com.google.gson.internal.$Gson$Preconditions::checkArgument (13 bytes)
Event: 30096.614 Thread 0x0000000015f7b000 nmethod 109303 0x0000000009680650 code [0x00000000096807c0, 0x00000000096809e8]
Event: 30096.614 Thread 0x0000000015f7b000 109301       1       com.google.gson.internal.$Gson$Types$ParameterizedTypeImpl::getRawType (5 bytes)
Event: 30096.615 Thread 0x0000000015f7b000 nmethod 109301 0x0000000006388a10 code [0x0000000006388b60, 0x0000000006388c70]
Event: 30096.615 Thread 0x0000000015f19800 nmethod 109308 0x0000000009bb6950 code [0x0000000009bb6ac0, 0x0000000009bb6db8]
Event: 30096.617 Thread 0x0000000015f74800 nmethod 109297 0x00000000042dc790 code [0x00000000042dc960, 0x00000000042dd438]

GC Heap History (10 events):
Event: 29996.374 GC heap after
Heap after GC invocations=251 (full 21):
 PSYoungGen      total 379904K, used 22049K [0x00000000e0000000, 0x0000000100000000, 0x0000000100000000)
  eden space 242688K, 0% used [0x00000000e0000000,0x00000000e0000000,0x00000000eed00000)
  from space 137216K, 16% used [0x00000000f6e80000,0x00000000f8408780,0x00000000ff480000)
  to   space 132608K, 0% used [0x00000000eed00000,0x00000000eed00000,0x00000000f6e80000)
 ParOldGen       total 430592K, used 146458K [0x00000000a0000000, 0x00000000ba480000, 0x00000000e0000000)
  object space 430592K, 34% used [0x00000000a0000000,0x00000000a8f069e0,0x00000000ba480000)
 Metaspace       used 306591K, capacity 327046K, committed 392320K, reserved 1388544K
  class space    used 39644K, capacity 43430K, committed 53376K, reserved 1048576K
}
Event: 29998.837 GC heap before
{Heap before GC invocations=252 (full 21):
 PSYoungGen      total 379904K, used 264737K [0x00000000e0000000, 0x0000000100000000, 0x0000000100000000)
  eden space 242688K, 100% used [0x00000000e0000000,0x00000000eed00000,0x00000000eed00000)
  from space 137216K, 16% used [0x00000000f6e80000,0x00000000f8408780,0x00000000ff480000)
  to   space 132608K, 0% used [0x00000000eed00000,0x00000000eed00000,0x00000000f6e80000)
 ParOldGen       total 430592K, used 146458K [0x00000000a0000000, 0x00000000ba480000, 0x00000000e0000000)
  object space 430592K, 34% used [0x00000000a0000000,0x00000000a8f069e0,0x00000000ba480000)
 Metaspace       used 306620K, capacity 327052K, committed 392320K, reserved 1388544K
  class space    used 39647K, capacity 43431K, committed 53376K, reserved 1048576K
Event: 29999.104 GC heap after
Heap after GC invocations=252 (full 21):
 PSYoungGen      total 375296K, used 65250K [0x00000000e0000000, 0x00000000ff980000, 0x0000000100000000)
  eden space 242688K, 0% used [0x00000000e0000000,0x00000000e0000000,0x00000000eed00000)
  from space 132608K, 49% used [0x00000000eed00000,0x00000000f2cb8858,0x00000000f6e80000)
  to   space 131584K, 0% used [0x00000000f7900000,0x00000000f7900000,0x00000000ff980000)
 ParOldGen       total 430592K, used 158604K [0x00000000a0000000, 0x00000000ba480000, 0x00000000e0000000)
  object space 430592K, 36% used [0x00000000a0000000,0x00000000a9ae3038,0x00000000ba480000)
 Metaspace       used 306620K, capacity 327052K, committed 392320K, reserved 1388544K
  class space    used 39647K, capacity 43431K, committed 53376K, reserved 1048576K
}
Event: 30001.029 GC heap before
{Heap before GC invocations=253 (full 21):
 PSYoungGen      total 375296K, used 307938K [0x00000000e0000000, 0x00000000ff980000, 0x0000000100000000)
  eden space 242688K, 100% used [0x00000000e0000000,0x00000000eed00000,0x00000000eed00000)
  from space 132608K, 49% used [0x00000000eed00000,0x00000000f2cb8858,0x00000000f6e80000)
  to   space 131584K, 0% used [0x00000000f7900000,0x00000000f7900000,0x00000000ff980000)
 ParOldGen       total 430592K, used 158604K [0x00000000a0000000, 0x00000000ba480000, 0x00000000e0000000)
  object space 430592K, 36% used [0x00000000a0000000,0x00000000a9ae3038,0x00000000ba480000)
 Metaspace       used 306620K, capacity 327052K, committed 392320K, reserved 1388544K
  class space    used 39647K, capacity 43431K, committed 53376K, reserved 1048576K
Event: 30001.449 GC heap after
Heap after GC invocations=253 (full 21):
 PSYoungGen      total 388608K, used 61611K [0x00000000e0000000, 0x00000000ff900000, 0x0000000100000000)
  eden space 257536K, 0% used [0x00000000e0000000,0x00000000e0000000,0x00000000efb80000)
  from space 131072K, 47% used [0x00000000f7900000,0x00000000fb52ae50,0x00000000ff900000)
  to   space 128512K, 0% used [0x00000000efb80000,0x00000000efb80000,0x00000000f7900000)
 ParOldGen       total 430592K, used 171608K [0x00000000a0000000, 0x00000000ba480000, 0x00000000e0000000)
  object space 430592K, 39% used [0x00000000a0000000,0x00000000aa796070,0x00000000ba480000)
 Metaspace       used 306620K, capacity 327052K, committed 392320K, reserved 1388544K
  class space    used 39647K, capacity 43431K, committed 53376K, reserved 1048576K
}
Event: 30078.801 GC heap before
{Heap before GC invocations=254 (full 21):
 PSYoungGen      total 388608K, used 319147K [0x00000000e0000000, 0x00000000ff900000, 0x0000000100000000)
  eden space 257536K, 100% used [0x00000000e0000000,0x00000000efb80000,0x00000000efb80000)
  from space 131072K, 47% used [0x00000000f7900000,0x00000000fb52ae50,0x00000000ff900000)
  to   space 128512K, 0% used [0x00000000efb80000,0x00000000efb80000,0x00000000f7900000)
 ParOldGen       total 430592K, used 171608K [0x00000000a0000000, 0x00000000ba480000, 0x00000000e0000000)
  object space 430592K, 39% used [0x00000000a0000000,0x00000000aa796070,0x00000000ba480000)
 Metaspace       used 306729K, capacity 327180K, committed 392320K, reserved 1388544K
  class space    used 39657K, capacity 43439K, committed 53376K, reserved 1048576K
Event: 30078.829 GC heap after
Heap after GC invocations=254 (full 21):
 PSYoungGen      total 386048K, used 14858K [0x00000000e0000000, 0x00000000ff880000, 0x0000000100000000)
  eden space 257536K, 0% used [0x00000000e0000000,0x00000000e0000000,0x00000000efb80000)
  from space 128512K, 11% used [0x00000000efb80000,0x00000000f0a02958,0x00000000f7900000)
  to   space 125952K, 0% used [0x00000000f7d80000,0x00000000f7d80000,0x00000000ff880000)
 ParOldGen       total 430592K, used 171744K [0x00000000a0000000, 0x00000000ba480000, 0x00000000e0000000)
  object space 430592K, 39% used [0x00000000a0000000,0x00000000aa7b8070,0x00000000ba480000)
 Metaspace       used 306729K, capacity 327180K, committed 392320K, reserved 1388544K
  class space    used 39657K, capacity 43439K, committed 53376K, reserved 1048576K
}
Event: 30085.682 GC heap before
{Heap before GC invocations=255 (full 21):
 PSYoungGen      total 386048K, used 272394K [0x00000000e0000000, 0x00000000ff880000, 0x0000000100000000)
  eden space 257536K, 100% used [0x00000000e0000000,0x00000000efb80000,0x00000000efb80000)
  from space 128512K, 11% used [0x00000000efb80000,0x00000000f0a02958,0x00000000f7900000)
  to   space 125952K, 0% used [0x00000000f7d80000,0x00000000f7d80000,0x00000000ff880000)
 ParOldGen       total 430592K, used 171744K [0x00000000a0000000, 0x00000000ba480000, 0x00000000e0000000)
  object space 430592K, 39% used [0x00000000a0000000,0x00000000aa7b8070,0x00000000ba480000)
 Metaspace       used 318544K, capacity 339554K, committed 392320K, reserved 1388544K
  class space    used 41230K, capacity 45120K, committed 53376K, reserved 1048576K
Event: 30085.956 GC heap after
Heap after GC invocations=255 (full 21):
 PSYoungGen      total 388608K, used 72553K [0x00000000e0000000, 0x0000000100000000, 0x0000000100000000)
  eden space 262656K, 0% used [0x00000000e0000000,0x00000000e0000000,0x00000000f0080000)
  from space 125952K, 57% used [0x00000000f7d80000,0x00000000fc45a688,0x00000000ff880000)
  to   space 128000K, 0% used [0x00000000f0080000,0x00000000f0080000,0x00000000f7d80000)
 ParOldGen       total 430592K, used 178184K [0x00000000a0000000, 0x00000000ba480000, 0x00000000e0000000)
  object space 430592K, 41% used [0x00000000a0000000,0x00000000aae02330,0x00000000ba480000)
 Metaspace       used 318544K, capacity 339554K, committed 392320K, reserved 1388544K
  class space    used 41230K, capacity 45120K, committed 53376K, reserved 1048576K
}
Event: 30097.230 GC heap before
{Heap before GC invocations=256 (full 21):
 PSYoungGen      total 388608K, used 335209K [0x00000000e0000000, 0x0000000100000000, 0x0000000100000000)
  eden space 262656K, 100% used [0x00000000e0000000,0x00000000f0080000,0x00000000f0080000)
  from space 125952K, 57% used [0x00000000f7d80000,0x00000000fc45a688,0x00000000ff880000)
  to   space 128000K, 0% used [0x00000000f0080000,0x00000000f0080000,0x00000000f7d80000)
 ParOldGen       total 430592K, used 178184K [0x00000000a0000000, 0x00000000ba480000, 0x00000000e0000000)
  object space 430592K, 41% used [0x00000000a0000000,0x00000000aae02330,0x00000000ba480000)
 Metaspace       used 324202K, capacity 345822K, committed 392320K, reserved 1388544K
  class space    used 41977K, capacity 45990K, committed 53376K, reserved 1048576K

Deoptimization events (10 events):
Event: 30090.004 Thread 0x0000000020c17000 Uncommon trap: reason=unstable_if action=reinterpret pc=0x0000000008c38358 method=kotlin.jvm.internal.Intrinsics.areEqual(Ljava/lang/Object;Ljava/lang/Object;)Z @ 5
Event: 30090.894 Thread 0x0000000020c17000 Uncommon trap: reason=bimorphic action=maybe_recompile pc=0x0000000009cf8a78 method=com.google.common.collect.AbstractIndexedListIterator.next()Ljava/lang/Object; @ 27
Event: 30090.894 Thread 0x0000000020c17000 Uncommon trap: reason=bimorphic action=maybe_recompile pc=0x0000000009cf8a78 method=com.google.common.collect.AbstractIndexedListIterator.next()Ljava/lang/Object; @ 27
Event: 30090.895 Thread 0x0000000020c17000 Uncommon trap: reason=bimorphic action=maybe_recompile pc=0x0000000009cf8a78 method=com.google.common.collect.AbstractIndexedListIterator.next()Ljava/lang/Object; @ 27
Event: 30090.895 Thread 0x0000000020c17000 Uncommon trap: reason=bimorphic action=maybe_recompile pc=0x0000000009cf8a78 method=com.google.common.collect.AbstractIndexedListIterator.next()Ljava/lang/Object; @ 27
Event: 30094.565 Thread 0x0000000020c17000 Uncommon trap: reason=bimorphic action=maybe_recompile pc=0x0000000007ddbf34 method=com.google.common.collect.AbstractMapBasedMultimap.put(Ljava/lang/Object;Ljava/lang/Object;)Z @ 5
Event: 30094.566 Thread 0x0000000020c17000 Uncommon trap: reason=bimorphic action=maybe_recompile pc=0x0000000007ddbf34 method=com.google.common.collect.AbstractMapBasedMultimap.put(Ljava/lang/Object;Ljava/lang/Object;)Z @ 5
Event: 30094.623 Thread 0x0000000020c17000 Uncommon trap: reason=bimorphic action=maybe_recompile pc=0x0000000007ddbf34 method=com.google.common.collect.AbstractMapBasedMultimap.put(Ljava/lang/Object;Ljava/lang/Object;)Z @ 5
Event: 30094.625 Thread 0x0000000020c17000 Uncommon trap: reason=bimorphic action=maybe_recompile pc=0x0000000007ddbf34 method=com.google.common.collect.AbstractMapBasedMultimap.put(Ljava/lang/Object;Ljava/lang/Object;)Z @ 5
Event: 30095.028 Thread 0x0000000020c17000 Uncommon trap: reason=unstable_if action=reinterpret pc=0x0000000005ade388 method=android.databinding.tool.reflection.SdkUtil$ApiChecker.buildFullLookup()V @ 49

Classes redefined (0 events):
No events

Internal exceptions (10 events):
Event: 29995.322 Thread 0x000000001d1d0800 Exception <a 'sun/nio/fs/WindowsException'> (0x00000000ea713de8) thrown at [D:\src\AOSP-openjdk-cygwin\jdk8u\hotspot\src\share\vm\prims\jni.cpp, line 710]
Event: 29996.290 Thread 0x0000000020c16800 Exception <a 'sun/nio/fs/WindowsException'> (0x00000000ed4b45c8) thrown at [D:\src\AOSP-openjdk-cygwin\jdk8u\hotspot\src\share\vm\prims\jni.cpp, line 710]
Event: 29999.828 Thread 0x0000000020c13800 Exception <a 'sun/nio/fs/WindowsException'> (0x00000000e53e4838) thrown at [D:\src\AOSP-openjdk-cygwin\jdk8u\hotspot\src\share\vm\prims\jni.cpp, line 710]
Event: 30000.136 Thread 0x000000001d1d0800 Exception <a 'sun/nio/fs/WindowsException'> (0x00000000e6415308) thrown at [D:\src\AOSP-openjdk-cygwin\jdk8u\hotspot\src\share\vm\prims\jni.cpp, line 710]
Event: 30003.808 Thread 0x0000000020c13800 Exception <a 'sun/nio/fs/WindowsException'> (0x00000000eaa36388) thrown at [D:\src\AOSP-openjdk-cygwin\jdk8u\hotspot\src\share\vm\prims\jni.cpp, line 710]
Event: 30003.982 Thread 0x00000000351ae000 Exception <a 'sun/nio/fs/WindowsException'> (0x00000000eaec4820) thrown at [D:\src\AOSP-openjdk-cygwin\jdk8u\hotspot\src\share\vm\prims\jni.cpp, line 710]
Event: 30003.982 Thread 0x00000000351ae000 Exception <a 'sun/nio/fs/WindowsException'> (0x00000000eaec4c68) thrown at [D:\src\AOSP-openjdk-cygwin\jdk8u\hotspot\src\share\vm\prims\jni.cpp, line 710]
Event: 30004.772 Thread 0x000000001d1d9000 Exception <a 'sun/nio/fs/WindowsException'> (0x00000000ec80f0e8) thrown at [D:\src\AOSP-openjdk-cygwin\jdk8u\hotspot\src\share\vm\prims\jni.cpp, line 710]
Event: 30082.066 Thread 0x0000000020c17000 Exception <a 'java/lang/IncompatibleClassChangeError': Found class java.lang.Object, but interface was expected> (0x00000000e6bacd90) thrown at [D:\src\AOSP-openjdk-cygwin\jdk8u\hotspot\src\share\vm\interpreter\linkResolver.cpp, line 653]
Event: 30086.103 Thread 0x0000000020c17000 Exception <a 'java/lang/ClassNotFoundException': com/sun/org/glassfish/hk2/osgiresourcelocator/ServiceLoader> (0x00000000e0709118) thrown at [D:\src\AOSP-openjdk-cygwin\jdk8u\hotspot\src\share\vm\classfile\systemDictionary.cpp, line 210]

Events (10 events):
Event: 30094.784 loading class com/google/common/collect/ImmutableSet$Builder
Event: 30094.784 loading class com/google/common/collect/ImmutableSet$Builder done
Event: 30094.784 loading class dagger/android/processor/AndroidMapKeyValidator
Event: 30094.784 loading class dagger/android/processor/AndroidMapKeyValidator done
Event: 30094.967 Thread 0x0000000020c17000 DEOPT PACKING pc=0x0000000006905036 sp=0x0000000050e4b7d0
Event: 30094.967 Thread 0x0000000020c17000 DEOPT UNPACKING pc=0x00000000025f71d0 sp=0x0000000050e4b560 mode 0
Event: 30095.028 Thread 0x0000000020c17000 Uncommon trap: trap_request=0xffffff65 fr.pc=0x0000000005ade388
Event: 30095.029 Thread 0x0000000020c17000 DEOPT PACKING pc=0x0000000005ade388 sp=0x0000000050e4b7e0
Event: 30095.029 Thread 0x0000000020c17000 DEOPT UNPACKING pc=0x00000000025f557b sp=0x0000000050e4b7e0 mode 2
Event: 30096.840 Executing VM operation: ParallelGCFailedAllocation


Dynamic libraries:
0x00007ff787940000 - 0x00007ff787971000 	C:\Program Files\Android\Android Studio1\jre\bin\java.exe
0x00007ff9794d0000 - 0x00007ff9796bd000 	C:\Windows\SYSTEM32\ntdll.dll
0x00007ff977b40000 - 0x00007ff977bf3000 	C:\Windows\System32\KERNEL32.DLL
0x00007ff9761e0000 - 0x00007ff976475000 	C:\Windows\System32\KERNELBASE.dll
0x00007ff9769b0000 - 0x00007ff976a53000 	C:\Windows\System32\ADVAPI32.dll
0x00007ff976a60000 - 0x00007ff976afe000 	C:\Windows\System32\msvcrt.dll
0x00007ff976800000 - 0x00007ff97689e000 	C:\Windows\System32\sechost.dll
0x00007ff977270000 - 0x00007ff977392000 	C:\Windows\System32\RPCRT4.dll
0x00007ff9773a0000 - 0x00007ff977537000 	C:\Windows\System32\USER32.dll
0x00007ff9761c0000 - 0x00007ff9761e0000 	C:\Windows\System32\win32u.dll
0x00007ff977240000 - 0x00007ff977269000 	C:\Windows\System32\GDI32.dll
0x00007ff976550000 - 0x00007ff9766e9000 	C:\Windows\System32\gdi32full.dll
0x00007ff976480000 - 0x00007ff976520000 	C:\Windows\System32\msvcp_win.dll
0x00007ff9760c0000 - 0x00007ff9761ba000 	C:\Windows\System32\ucrtbase.dll
0x00007ff96af10000 - 0x00007ff96b189000 	C:\Windows\WinSxS\amd64_microsoft.windows.common-controls_6595b64144ccf1df_6.0.17763.1217_none_de6e4304534e0ad3\COMCTL32.dll
0x00007ff979160000 - 0x00007ff97948c000 	C:\Windows\System32\combase.dll
0x00007ff9756b0000 - 0x00007ff97572e000 	C:\Windows\System32\bcryptPrimitives.dll
0x00007ff977b10000 - 0x00007ff977b3e000 	C:\Windows\System32\IMM32.DLL
0x0000000051610000 - 0x00000000516e2000 	C:\Program Files\Android\Android Studio1\jre\jre\bin\msvcr100.dll
0x0000000051950000 - 0x0000000052196000 	C:\Program Files\Android\Android Studio1\jre\jre\bin\server\jvm.dll
0x00007ff976cb0000 - 0x00007ff976cb8000 	C:\Windows\System32\PSAPI.DLL
0x00007ff96fcd0000 - 0x00007ff96fcda000 	C:\Windows\SYSTEM32\VERSION.dll
0x00007ff96f8f0000 - 0x00007ff96f8f9000 	C:\Windows\SYSTEM32\WSOCK32.dll
0x00007ff972240000 - 0x00007ff972264000 	C:\Windows\SYSTEM32\WINMM.dll
0x00007ff976fa0000 - 0x00007ff97700d000 	C:\Windows\System32\WS2_32.dll
0x00007ff972210000 - 0x00007ff97223d000 	C:\Windows\SYSTEM32\WINMMBASE.dll
0x00007ff975660000 - 0x00007ff9756aa000 	C:\Windows\System32\cfgmgr32.dll
0x00007ff971960000 - 0x00007ff97196f000 	C:\Program Files\Android\Android Studio1\jre\jre\bin\verify.dll
0x00007ff971560000 - 0x00007ff971589000 	C:\Program Files\Android\Android Studio1\jre\jre\bin\java.dll
0x00007ff966c20000 - 0x00007ff966c36000 	C:\Program Files\Android\Android Studio1\jre\jre\bin\zip.dll
0x00007ff977c00000 - 0x00007ff9790f4000 	C:\Windows\System32\SHELL32.dll
0x00007ff9768a0000 - 0x00007ff976948000 	C:\Windows\System32\shcore.dll
0x00007ff975790000 - 0x00007ff975ede000 	C:\Windows\System32\windows.storage.dll
0x00007ff9754c0000 - 0x00007ff9754e4000 	C:\Windows\System32\profapi.dll
0x00007ff975530000 - 0x00007ff97558d000 	C:\Windows\System32\powrprof.dll
0x00007ff9770b0000 - 0x00007ff977102000 	C:\Windows\System32\shlwapi.dll
0x00007ff9754f0000 - 0x00007ff975501000 	C:\Windows\System32\kernel.appcore.dll
0x00007ff975590000 - 0x00007ff9755a7000 	C:\Windows\System32\cryptsp.dll
0x00007ff9587f0000 - 0x00007ff95880a000 	C:\Program Files\Android\Android Studio1\jre\jre\bin\net.dll
0x00007ff96c3f0000 - 0x00007ff96c5c7000 	C:\Windows\SYSTEM32\urlmon.dll
0x00007ff96b890000 - 0x00007ff96bb38000 	C:\Windows\SYSTEM32\iertutil.dll
0x00007ff974ea0000 - 0x00007ff974eac000 	C:\Windows\SYSTEM32\CRYPTBASE.DLL
0x00007ff974cd0000 - 0x00007ff974d37000 	C:\Windows\system32\mswsock.dll
0x00007ff957a90000 - 0x00007ff957aa3000 	C:\Program Files\Android\Android Studio1\jre\jre\bin\nio.dll
0x00007ff962e50000 - 0x00007ff962e76000 	C:\Users\Me\.gradle\native\30\windows-amd64\native-platform.dll
0x00007ff971950000 - 0x00007ff97195d000 	C:\Program Files\Android\Android Studio1\jre\jre\bin\management.dll
0x00007ff974850000 - 0x00007ff974883000 	C:\Windows\system32\rsaenh.dll
0x00007ff976520000 - 0x00007ff976546000 	C:\Windows\System32\bcrypt.dll
0x00007ff9753f0000 - 0x00007ff975418000 	C:\Windows\SYSTEM32\USERENV.dll
0x00007ff9749f0000 - 0x00007ff974a2d000 	C:\Windows\SYSTEM32\IPHLPAPI.DLL
0x00007ff979490000 - 0x00007ff979498000 	C:\Windows\System32\NSI.dll
0x00007ff96cf80000 - 0x00007ff96cf96000 	C:\Windows\SYSTEM32\dhcpcsvc6.DLL
0x00007ff96cf60000 - 0x00007ff96cf7c000 	C:\Windows\SYSTEM32\dhcpcsvc.DLL
0x00007ff974a30000 - 0x00007ff974af7000 	C:\Windows\SYSTEM32\DNSAPI.dll
0x00007ff94ec90000 - 0x00007ff94ecb4000 	C:\Program Files\Android\Android Studio1\jre\jre\bin\sunec.dll
0x00007ff96abf0000 - 0x00007ff96abfa000 	C:\Windows\System32\rasadhlp.dll
0x00007ff96bb40000 - 0x00007ff96bbb9000 	C:\Windows\System32\fwpuclnt.dll
0x00007ff9632b0000 - 0x00007ff9632bb000 	C:\Program Files\Android\Android Studio1\jre\jre\bin\sunmscapi.dll
0x00007ff975ee0000 - 0x00007ff9760bc000 	C:\Windows\System32\CRYPT32.dll
0x00007ff975510000 - 0x00007ff975522000 	C:\Windows\System32\MSASN1.dll
0x00007ff974530000 - 0x00007ff974561000 	C:\Windows\SYSTEM32\ntmarta.dll
0x00007ff965d30000 - 0x00007ff965f1d000 	C:\Windows\SYSTEM32\dbghelp.dll

VM Arguments:
jvm_args: -Xmx1536m -Dfile.encoding=windows-1252 -Duser.country=US -Duser.language=en -Duser.variant 
java_command: org.gradle.launcher.daemon.bootstrap.GradleDaemon 5.6.4
java_class_path (initial): C:\Users\Me\.gradle\wrapper\dists\gradle-5.6.4-all\ankdp27end7byghfw1q2sw75f\gradle-5.6.4\lib\gradle-launcher-5.6.4.jar
Launcher Type: SUN_STANDARD

Environment Variables:
PATH=C:\Program Files (x86)\Common Files\Oracle\Java\javapath;C:\Windows\system32;C:\Windows;C:\Windows\System32\Wbem;C:\Windows\System32\WindowsPowerShell\v1.0\;C:\Windows\System32\OpenSSH\;"C:\Program Files\Microsoft VS Code\bin;";C:\Program Files\MongoDB\Server\4.0\bin;C:\Users\Me\AppData\Local\Programs\Python\Python38\Scripts\;C:\Users\Me\AppData\Local\Programs\Python\Python38\;"C:\Users\Me\AppData\Local\Microsoft\WindowsApps;";C:\Program Files\Java\jdk1.8.0_192\bin;;C:\Program Files\JetBrains\IntelliJ IDEA 2019.2.3\bin;
USERNAME=Me
OS=Windows_NT
PROCESSOR_IDENTIFIER=AMD64 Family 21 Model 19 Stepping 1, AuthenticAMD



---------------  S Y S T E M  ---------------

OS: Windows 10.0 , 64 bit Build 17763 (10.0.17763.1158)

CPU:total 4 (initial active 4) (4 cores per cpu, 1 threads per core) family 21 model 19 stepping 1, cmov, cx8, fxsr, mmx, sse, sse2, sse3, ssse3, sse4.1, sse4.2, popcnt, avx, aes, clmul, mmxext, 3dnowpref, lzcnt, sse4a, tsc, tscinvbit, tscinv, bmi1

Memory: 4k page, physical 7541296k(764796k free), swap 18551344k(5717484k free)

vm_info: OpenJDK 64-Bit Server VM (25.212-b04) for windows-amd64 JRE (1.8.0_212-release-1586-b04), built by "builder" with MS VC++ 10.0 (VS2010)

time: Mon May 18 21:12:13 2020
timezone: Iran Daylight Time
elapsed time: 30098 seconds (0d 8h 21m 38s)

